Connected to MongoDB for Fast Forwarding
Found Term: 231-1 (69750270f01fb5bf751ba495)
Found 1 Total Groups. Moving them to Term 231-1 for testing.
Found 1 Supervisors to update.
Creating Evaluation container for Supervisor 6974bf42c7f9673d95fad943
ERROR: TypeError: Cannot read properties of undefined (reading 'find')
    at fastForwardResults (D:\FYP\FYP PORTAL CODE\BE-BackUpBeforeWholeIntegration\BE-BackUpBeforeWholeIntegration\fast_forward_231_1.js:63:46)
    at process.processTicksAndRejections (node:internal/process/task_queues:103:5)
Connected to MongoDB for Fast Forwarding
Found Term: 231-1 (69750270f01fb5bf751ba495)
Found 1 Total Groups. Moving them to Term 231-1 for testing.
Found 1 Supervisors to update.
Creating Evaluation container for Supervisor 6974bf42c7f9673d95fad943
CreatedExam for 'Attendance-I' in Term 231-1 not found. Creating one...
ERROR: ValidationError: CreateExamModel validation failed: examName: Path `examName` is required.
    at Document.invalidate (D:\FYP\FYP PORTAL CODE\BE-BackUpBeforeWholeIntegration\BE-BackUpBeforeWholeIntegration\node_modules\mongoose\lib\document.js:3289:32)
    at D:\FYP\FYP PORTAL CODE\BE-BackUpBeforeWholeIntegration\BE-BackUpBeforeWholeIntegration\node_modules\mongoose\lib\document.js:3050:17
    at D:\FYP\FYP PORTAL CODE\BE-BackUpBeforeWholeIntegration\BE-BackUpBeforeWholeIntegration\node_modules\mongoose\lib\schemaType.js:1388:9
    at process.processTicksAndRejections (node:internal/process/task_queues:84:11)
Connected to MongoDB for Fast Forwarding
Found Term: 231-1 (69750270f01fb5bf751ba495)
Found 1 Total Groups. Moving them to Term 231-1 for testing.
Found 1 Supervisors to update.
Creating Evaluation container for Supervisor 6974bf42c7f9673d95fad943
CreatedExam for 'Attendance-I' in Term 231-1 not found. Creating one...
CreatedExam for 'Final-I' in Term 231-1 not found. Creating one...
CreatedExam for 'Orientation' in Term 231-1 not found. Creating one...
Updated evaluation for Supervisor 6974bf42c7f9673d95fad943
Updated Panel 002 status to 'marked'.
Fast Forward Complete!
Connected to MongoDB for Fast Forwarding
Found Term: 231-1 (69750270f01fb5bf751ba495)
Found 1 Total Groups. Moving them to Term 231-1 for testing.
Found 1 Supervisors to update.
CreatedExam for 'Attendance-I' in Term 231-1 not found. Creating one...
CreatedExam for 'Final-I' in Term 231-1 not found. Creating one...
CreatedExam for 'Orientation' in Term 231-1 not found. Creating one...
ExamType 'Proposal' not found. Creating placeholder type.
ERROR: MongoServerError: E11000 duplicate key error collection: MIS.examtypes index: shortCode_1 dup key: { shortCode: "PRO" }
    at InsertOneOperation.execute (D:\FYP\FYP PORTAL CODE\BE-BackUpBeforeWholeIntegration\BE-BackUpBeforeWholeIntegration\node_modules\mongodb\lib\operations\insert.js:51:19)
    at process.processTicksAndRejections (node:internal/process/task_queues:103:5)
    at async executeOperation (D:\FYP\FYP PORTAL CODE\BE-BackUpBeforeWholeIntegration\BE-BackUpBeforeWholeIntegration\node_modules\mongodb\lib\operations\execute_operation.js:126:16)
Connected to MongoDB for Fast Forwarding
Found Term: 231-1 (69750270f01fb5bf751ba495)
Found 1 Total Groups. Moving them to Term 231-1 for testing.
Found 1 Supervisors to update.
CreatedExam for 'Attendance-I' in Term 231-1 not found. Creating one...
CreatedExam for 'Final-I' in Term 231-1 not found. Creating one...
CreatedExam for 'Orientation' in Term 231-1 not found. Creating one...
ExamType 'Proposal' not found. Creating placeholder type.
CreatedExam for 'Proposal' in Term 231-1 not found. Creating one...
Updated evaluation for Supervisor 6974bf42c7f9673d95fad943
Updated Panel 002 status to 'marked'.
Fast Forward Complete!
Connected to MongoDB for Fast Forwarding
Found Term: 231-1 (69750270f01fb5bf751ba495)
Found 1 Total Groups. Moving them to Term 231-1 for testing.
Found 1 Supervisors to update.
ERROR: ValidationError: CreateExamModel validation failed: examName: Path `examName` is required.
    at Document.invalidate (D:\FYP\FYP PORTAL CODE\BE-BackUpBeforeWholeIntegration\BE-BackUpBeforeWholeIntegration\node_modules\mongoose\lib\document.js:3289:32)
    at D:\FYP\FYP PORTAL CODE\BE-BackUpBeforeWholeIntegration\BE-BackUpBeforeWholeIntegration\node_modules\mongoose\lib\document.js:3050:17
    at D:\FYP\FYP PORTAL CODE\BE-BackUpBeforeWholeIntegration\BE-BackUpBeforeWholeIntegration\node_modules\mongoose\lib\schemaType.js:1388:9
    at process.processTicksAndRejections (node:internal/process/task_queues:84:11)
Connected to MongoDB for Fast Forwarding
Cleaned up 20 invalid CreateExamModel entries (missing Term).
Found Term: 231-1 (69750270f01fb5bf751ba495)
Found 1 Total Groups. Moving them to Term 231-1 for testing.
Found 1 Supervisors to update.
CreatedExam for 'Attendance-I' in Term 231-1 not found. Creating one with Weightage 20...
CreatedExam for 'Final-I' in Term 231-1 not found. Creating one with Weightage 40...
CreatedExam for 'Orientation' in Term 231-1 not found. Creating one with Weightage 0...
CreatedExam for 'Proposal' in Term 231-1 not found. Creating one with Weightage 20...
Updated evaluation for Supervisor 6974bf42c7f9673d95fad943
Updated Panel 002 status to 'marked'.
Fast Forward Complete!
Connected to MongoDB for Fast Forwarding
Found Term: 231-1 (69750270f01fb5bf751ba495)
Found 1 Total Groups. Moving them to Term 231-1 for testing.
Found 1 Supervisors to update.
DEBUG: Student 69750c53f01fb5bf751ba64e - Weightage: 20, Pct: 0.83, Marks: 16.6
DEBUG: Student 6974bf42c7f9673d95fad940 - Weightage: 20, Pct: 0.87, Marks: 17.4
DEBUG: Student 69750d91f01fb5bf751ba657 - Weightage: 20, Pct: 0.95, Marks: 19
Updated evaluation for Supervisor 6974bf42c7f9673d95fad943
Updated Panel 002 status to 'marked'.
Fast Forward Complete!
Connected to MongoDB for Fast Forwarding
Found Term: 231-1 (69750270f01fb5bf751ba495)
Found 1 Total Groups. Moving them to Term 231-1 for testing.
Found 1 Supervisors to update.
Updated evaluation for Supervisor 6974bf42c7f9673d95fad943
Updated Panel 002 status to 'marked'.
Fast Forward Complete!
Connected to MongoDB for Fast Forwarding
Found Term: 231-1 (69750270f01fb5bf751ba495)
Found 1 Total Groups. Moving them to Term 231-1 for testing.
Found 1 Supervisors to update.
DEBUG: Final-I - Student 69750c53f01fb5bf751ba64e - Weight: 40 Pct: 0.94 Calc: 37.6
DEBUG: Final-I - Student 6974bf42c7f9673d95fad940 - Weight: 40 Pct: 0.9 Calc: 36
DEBUG: Final-I - Student 69750d91f01fb5bf751ba657 - Weight: 40 Pct: 0.83 Calc: 33.2
DEBUG: Proposal - Student 69750c53f01fb5bf751ba64e - Weight: 20 Pct: 0.92 Calc: 18.4
DEBUG: Proposal - Student 6974bf42c7f9673d95fad940 - Weight: 20 Pct: 0.73 Calc: 14.6
DEBUG: Proposal - Student 69750d91f01fb5bf751ba657 - Weight: 20 Pct: 0.86 Calc: 17.2
Updated evaluation for Supervisor 6974bf42c7f9673d95fad943
Updated Panel 002 status to 'marked'.
Fast Forward Complete!
Connected to MongoDB for Fast Forwarding
Found Term: 231-1 (69750270f01fb5bf751ba495)
Found 1 Total Groups. Moving them to Term 231-1 for testing.
Found 1 Supervisors to update.
DEBUG: Final-I - Student 69750c53f01fb5bf751ba64e - Weight: 40 Pct: 0.74 Calc: 29.6
DEBUG: Final-I - Student 6974bf42c7f9673d95fad940 - Weight: 40 Pct: 0.84 Calc: 33.6
DEBUG: Final-I - Student 69750d91f01fb5bf751ba657 - Weight: 40 Pct: 0.75 Calc: 30
DEBUG: Proposal - Student 69750c53f01fb5bf751ba64e - Weight: 20 Pct: 0.94 Calc: 18.8
DEBUG: Proposal - Student 6974bf42c7f9673d95fad940 - Weight: 20 Pct: 0.89 Calc: 17.8
DEBUG: Proposal - Student 69750d91f01fb5bf751ba657 - Weight: 20 Pct: 0.84 Calc: 16.8
DEBUG: Evaluation before save: {"studentId":"69750c53f01fb5bf751ba64e","evaluationsByExaminers":[{"examinerId":"6974bf42c7f9673d95fad943","evaluations":[],"marks":14.8,"totalWeightage":20,"feedback":"Auto-generated (Updated)","_id":"6977b94767785d639bf6434e"}],"marks":14.8,"obtainedAverage":14.8,"_id":"6977a67227b209cd9c40c579","obtainedAverageofCLO":[]}
Updated evaluation for Supervisor 6974bf42c7f9673d95fad943
Updated Panel 002 status to 'marked'.
Fast Forward Complete!
Connected to MongoDB for Fast Forwarding
Found Term: 231-1 (69750270f01fb5bf751ba495)
Found 1 Total Groups. Moving them to Term 231-1 for testing.
Found 1 Supervisors to update.
Removed existing Term 231-1 data from Evaluation to force refresh.
DEBUG: Final-I - Student 69750c53f01fb5bf751ba64e - Weight: 40 Pct: 0.74 Calc: 29.6
DEBUG: Final-I - Student 6974bf42c7f9673d95fad940 - Weight: 40 Pct: 0.94 Calc: 37.6
DEBUG: Final-I - Student 69750d91f01fb5bf751ba657 - Weight: 40 Pct: 0.8 Calc: 32
DEBUG: Proposal - Student 69750c53f01fb5bf751ba64e - Weight: 20 Pct: 0.92 Calc: 18.4
DEBUG: Proposal - Student 6974bf42c7f9673d95fad940 - Weight: 20 Pct: 0.83 Calc: 16.6
DEBUG: Proposal - Student 69750d91f01fb5bf751ba657 - Weight: 20 Pct: 0.82 Calc: 16.4
DEBUG: Evaluation before save: {"studentId":"69750c53f01fb5bf751ba64e","evaluationsByExaminers":[{"examinerId":"6974bf42c7f9673d95fad943","evaluations":[],"marks":17.4,"totalWeightage":20,"feedback":"Auto-generated","_id":"6977b9a9392b1e5a543c2450"}],"marks":17.4,"obtainedAverage":17.4,"_id":"6977b9a9392b1e5a543c244f","obtainedAverageofCLO":[]}
Updated evaluation for Supervisor 6974bf42c7f9673d95fad943
Updated Panel 002 status to 'marked'.
Fast Forward Complete!
Connected to MongoDB for Fast Forwarding
Found Term: 231-1 (69750270f01fb5bf751ba495)
Found 1 Total Groups. Moving them to Term 231-1 for testing.
Found 1 Supervisors to update.
Removed existing Term 231-1 data from Evaluation to force refresh.
DEBUG: Evaluation before save: {"studentId":"69750c53f01fb5bf751ba64e","evaluationsByExaminers":[{"examinerId":"6974bf42c7f9673d95fad943","evaluations":[],"marks":95,"totalWeightage":100,"feedback":"Auto-generated","_id":"6977ba1be7edcedf8c15e1ed"}],"marks":95,"obtainedAverage":95,"_id":"6977ba1be7edcedf8c15e1ec","obtainedAverageofCLO":[]}
Updated evaluation for Supervisor 6974bf42c7f9673d95fad943
Updated Panel 002 status to 'marked'.
Fast Forward Complete!
